
[2016-08-12 13:20:30] Beginning TopHat run (v2.1.1)
-----------------------------------------------
[2016-08-12 13:20:30] Checking for Bowtie
		  Bowtie version:	 2.2.9.0
[2016-08-12 13:20:30] Checking for Bowtie index files (genome)..
[2016-08-12 13:20:30] Checking for reference FASTA file
	Warning: Could not find FASTA file /Users/Frank/Desktop/gencommand_proj4/athal/athal.fa
[2016-08-12 13:20:30] Reconstituting reference FASTA file from Bowtie index
  Executing: /usr/local/bin/bowtie2-inspect /Users/Frank/Desktop/gencommand_proj4/athal/athal > /Users/Frank/Desktop/gencommand_proj4/Tophat//Day8/tmp/athal.fa
[2016-08-12 13:20:30] Generating SAM header for /Users/Frank/Desktop/gencommand_proj4/athal/athal
[2016-08-12 13:20:30] Preparing reads
	 left reads: min. length=50, max. length=50, 63573 kept reads (0 discarded)
[2016-08-12 13:20:31] Mapping left_kept_reads to genome athal with Bowtie2 
[2016-08-12 13:20:33] Mapping left_kept_reads_seg1 to genome athal with Bowtie2 (1/2)
[2016-08-12 13:20:33] Mapping left_kept_reads_seg2 to genome athal with Bowtie2 (2/2)
[2016-08-12 13:20:33] Searching for junctions via segment mapping
[2016-08-12 13:20:34] Retrieving sequences for splices
[2016-08-12 13:20:34] Indexing splices
[2016-08-12 13:20:34] Mapping left_kept_reads_seg1 to genome segment_juncs with Bowtie2 (1/2)
[2016-08-12 13:20:34] Mapping left_kept_reads_seg2 to genome segment_juncs with Bowtie2 (2/2)
[2016-08-12 13:20:35] Joining segment hits
[2016-08-12 13:20:35] Reporting output tracks
-----------------------------------------------
[2016-08-12 13:20:38] A summary of the alignment counts can be found in /Users/Frank/Desktop/gencommand_proj4/Tophat//Day8/align_summary.txt
[2016-08-12 13:20:38] Run complete: 00:00:07 elapsed
